2009-05-12 05:27:42: [user=unknown, handler=messages_log,message=Log file not found]
2009-05-12 05:27:51: [user=unknown, handler=analyses_main,message=At least one model must be selected]
2009-05-12 05:28:03: [user=4265c451b6d4dfb76af378ef367c, handler=interactive_configuration_main,message=A model must be indicated/selected]
2009-05-12 05:32:18: [user=4265c451b6d4dfb76af378ef367c, handler=analyses_main,message=At least one model must be selected]
2009-05-12 05:32:25: [user=4265c451b6d4dfb76af378ef367c, handler=interactive_configuration_main,message=A model must be indicated/selected]
2009-05-12 05:32:30: [user=4265c451b6d4dfb76af378ef367c, handler=analyses_main,message=At least one model must be selected]
2009-05-12 05:32:53: [user=4265c451b6d4dfb76af378ef367c, handler=interactive_configuration_main,message=A model must be indicated/selected]
2009-05-12 20:04:19: [user=7482faa7cdff0024db05e82611c4, handler=interactive_configuration_updates,message=Problem updating configuration]
2009-05-12 20:04:32: [user=7482faa7cdff0024db05e82611c4, handler=interactive_configuration_updates,message=Problem updating configuration]
2009-05-12 20:04:32: [user=7482faa7cdff0024db05e82611c4, handler=interactive_configuration_updates,message=Problem updating configuration]
2009-05-12 20:04:33: [user=7482faa7cdff0024db05e82611c4, handler=interactive_configuration_updates,message=Problem updating configuration]
2009-05-12 20:04:34: [user=7482faa7cdff0024db05e82611c4, handler=interactive_configuration_updates,message=Problem updating configuration]
2009-05-12 20:04:34: [user=7482faa7cdff0024db05e82611c4, handler=interactive_configuration_updates,message=Problem updating configuration]
2009-05-12 20:04:48: [user=7482faa7cdff0024db05e82611c4, handler=interactive_configuration_main,message=Problems locating/acessing the feature model repository path]
2009-05-12 20:12:00: [user=7482faa7cdff0024db05e82611c4, handler=interactive_configuration_updates,message=Problem updating configuration]
2009-05-12 21:19:20: [user=78d5fc31aee115b8698300f323aa, handler=interactive_configuration_main,message=Problems locating/acessing the feature model repository path]
2009-05-12 21:25:22: [user=792523e111db25813992cd8227ee, handler=interactive_configuration_updates,message=Problem updating configuration]
2009-05-12 21:25:23: [user=792523e111db25813992cd8227ee, handler=interactive_configuration_updates,message=Problem updating configuration]
2009-05-12 21:25:40: [user=792523e111db25813992cd8227ee, handler=interactive_configuration_updates,message=Problem updating configuration]
2009-05-12 21:25:40: [user=792523e111db25813992cd8227ee, handler=interactive_configuration_updates,message=Problem updating configuration]
2009-05-12 21:25:41: [user=792523e111db25813992cd8227ee, handler=interactive_configuration_updates,message=Problem updating configuration]
2009-05-12 21:25:42: [user=792523e111db25813992cd8227ee, handler=interactive_configuration_updates,message=Problem updating configuration]
2009-05-12 21:25:43: [user=792523e111db25813992cd8227ee, handler=interactive_configuration_updates,message=Problem updating configuration]
2009-05-12 21:25:43: [user=792523e111db25813992cd8227ee, handler=interactive_configuration_updates,message=Problem updating configuration]
2009-05-12 21:25:43: [user=792523e111db25813992cd8227ee, handler=interactive_configuration_updates,message=Problem updating configuration]
2009-05-12 21:25:44: [user=792523e111db25813992cd8227ee, handler=interactive_configuration_updates,message=Problem updating configuration]
2009-05-12 21:26:19: [user=792523e111db25813992cd8227ee, handler=interactive_configuration_updates,message=Problem updating configuration]
2009-05-12 21:26:21: [user=792523e111db25813992cd8227ee, handler=interactive_configuration_updates,message=Problem updating configuration]
2009-05-12 21:26:22: [user=792523e111db25813992cd8227ee, handler=interactive_configuration_updates,message=Problem updating configuration]
2009-05-12 21:26:23: [user=792523e111db25813992cd8227ee, handler=interactive_configuration_updates,message=Problem updating configuration]
2009-05-12 21:26:29: [user=792523e111db25813992cd8227ee, handler=interactive_configuration_updates,message=Problem updating configuration]
2009-05-12 21:26:29: [user=792523e111db25813992cd8227ee, handler=interactive_configuration_updates,message=Problem updating configuration]
2009-05-12 21:35:31: [user=792523e111db25813992cd8227ee, handler=interactive_configuration_updates,message=Problem updating configuration]
2009-05-12 21:47:44: [user=7a745d4fbe06408e52cb32ab2fe2, handler=interactive_configuration_updates,message=Problem updating configuration]
2009-05-12 21:47:46: [user=7a745d4fbe06408e52cb32ab2fe2, handler=interactive_configuration_updates,message=Problem updating configuration]
2009-05-12 21:47:48: [user=7a745d4fbe06408e52cb32ab2fe2, handler=interactive_configuration_updates,message=Problem updating configuration]
2009-05-12 21:47:49: [user=7a745d4fbe06408e52cb32ab2fe2, handler=interactive_configuration_updates,message=Problem updating configuration]
2009-05-13 02:42:34: [user=8b4210abe8dd00c4cc8b8b249335, handler=detect_conflicts,message=Problem computing feature conflicts]
2009-05-13 03:44:48: [user=8ee1ccae398a702e21903c2ae881, handler=detect_conflicts,message=Problem computing feature conflicts]
2009-05-13 03:45:00: [user=8ee1ccae398a702e21903c2ae881, handler=detect_conflicts,message=Problem computing feature conflicts]
2009-05-13 03:47:59: [user=8ee1ccae398a702e21903c2ae881, handler=detect_conflicts,message=Problem computing feature conflicts]
2009-05-13 05:34:38: [user=9444d3e17fc3f97165a660524086, handler=analyses_main,message=At least one model must be indicated/selected]
2009-05-13 05:34:47: [user=9444d3e17fc3f97165a660524086, handler=interactive_configuration_main,message=Problems locating/acessing the feature model repository path]
2009-05-14 02:54:52: [user=de6e03e6787c107e29d5cc087960, handler=detect_conflicts,message=Problem computing feature conflicts]
2009-05-14 02:56:38: [user=de6e03e6787c107e29d5cc087960, handler=detect_conflicts,message=Problem computing feature conflicts]
2009-05-14 02:57:40: [user=de95e4e7013d101253696c19fdfd, handler=detect_conflicts,message=Problem computing feature conflicts]
2009-05-14 02:59:27: [user=deb001710fed1b1f9880bec4d80e, handler=detect_conflicts,message=Problem computing feature conflicts]
2009-05-14 03:01:16: [user=decb604438e1e0b6f46725c218b0, handler=detect_conflicts,message=Problem computing feature conflicts]
2009-05-14 03:02:07: [user=ded83e3184222a17e46d09119e05, handler=detect_conflicts,message=Problem computing feature conflicts]
2009-05-14 03:03:14: [user=dee8df112a9b79b6bec19973c6b0, handler=detect_conflicts,message=Problem computing feature conflicts]
2009-05-14 23:55:35: [user=268efa2162775138fc45821a9f97, handler=interactive_configuration_updates,message=Problem updating configuration]
2009-05-14 23:55:36: [user=268efa2162775138fc45821a9f97, handler=interactive_configuration_updates,message=Problem updating configuration]
2009-05-14 23:55:36: [user=268efa2162775138fc45821a9f97, handler=interactive_configuration_updates,message=Problem updating configuration]
2009-05-14 23:55:52: [user=268efa2162775138fc45821a9f97, handler=detect_conflicts,message=Problem computing feature conflicts]
2009-05-14 23:56:23: [user=268efa2162775138fc45821a9f97, handler=interactive_configuration_updates,message=Problem updating configuration]
2009-05-14 23:57:33: [user=268efa2162775138fc45821a9f97, handler=interactive_configuration_main,message=Problems locating/acessing the feature model repository path]
2009-05-15 00:05:06: [user=27125ce16c57b1dcd9ce0ba7d0bd, handler=interactive_configuration_updates,message=Problem updating configuration]
2009-05-15 00:05:07: [user=27125ce16c57b1dcd9ce0ba7d0bd, handler=interactive_configuration_updates,message=Problem updating configuration]
2009-05-15 00:05:07: [user=27125ce16c57b1dcd9ce0ba7d0bd, handler=interactive_configuration_updates,message=Problem updating configuration]
2009-05-15 00:05:07: [user=27125ce16c57b1dcd9ce0ba7d0bd, handler=interactive_configuration_updates,message=Problem updating configuration]
2009-05-15 00:09:37: [user=274361c1479df5a49c676a526383, handler=interactive_configuration_main,message=Problems locating/acessing the feature model repository path]
2009-05-15 00:09:51: [user=274361c1479df5a49c676a526383, handler=interactive_configuration_updates,message=Problem updating configuration]
2009-05-15 00:17:10: [user=27c9b958e6dae0a76b263b19c102, handler=interactive_configuration_updates,message=Problem updating configuration]
2009-05-15 00:17:12: [user=27c9b958e6dae0a76b263b19c102, handler=interactive_configuration_updates,message=Problem updating configuration]
2009-05-15 01:45:00: [user=2cd3e681f6abc46bfaf33a24d491, handler=interactive_configuration_updates,message=Problem updating configuration]
2009-05-15 01:45:09: [user=2cd3e681f6abc46bfaf33a24d491, handler=interactive_configuration_updates,message=Problem updating configuration]
2009-05-15 01:45:32: [user=2cd3e681f6abc46bfaf33a24d491, handler=interactive_configuration_updates,message=Problem updating configuration]
2009-05-15 02:08:12: [user=2e245b59ad5590f286de2a1b4436, handler=interactive_configuration_updates,message=Problem updating configuration]
2009-05-15 02:09:21: [user=2e38181cc001704b1aa788654bac, handler=interactive_configuration_updates,message=Problem updating configuration]
2009-05-15 02:12:14: [user=2e38181cc001704b1aa788654bac, handler=interactive_configuration_updates,message=Problem updating configuration]
2009-05-15 02:13:48: [user=2e7917bbb270305c7045fd01e776, handler=interactive_configuration_updates,message=Problem updating configuration]
2009-05-15 02:14:06: [user=2e7917bbb270305c7045fd01e776, handler=interactive_configuration_updates,message=Problem updating configuration]
2009-05-15 02:38:04: [user=2fda88269261601cf4c3868e2114, handler=detect_conflicts,message=Problem computing feature conflicts]
2009-05-15 03:12:40: [user=30d0c251bead2d4343be41ab211d, handler=detect_conflicts,message=Problem computing feature conflicts]
2009-05-21 23:31:49: [user=unknown, handler=parse_feature_model_for_errors,message=Problems checking feature model syntax]
2009-05-21 23:37:28: [user=unknown, handler=parse_feature_model_for_errors,message=Problems checking feature model syntax]
2009-05-21 23:37:30: [user=unknown, handler=parse_feature_model_for_errors,message=Problems checking feature model syntax]
2009-05-21 23:37:33: [user=unknown, handler=parse_feature_model_for_errors,message=Problems checking feature model syntax]
2009-05-21 23:37:34: [user=unknown, handler=parse_feature_model_for_errors,message=Problems checking feature model syntax]
2009-05-21 23:37:34: [user=unknown, handler=parse_feature_model_for_errors,message=Problems checking feature model syntax]
2009-05-21 23:37:34: [user=unknown, handler=parse_feature_model_for_errors,message=Problems checking feature model syntax]
2009-05-21 23:37:34: [user=unknown, handler=parse_feature_model_for_errors,message=Problems checking feature model syntax]
2009-05-21 23:37:34: [user=unknown, handler=parse_feature_model_for_errors,message=Problems checking feature model syntax]
2009-05-21 23:37:59: [user=unknown, handler=parse_feature_model_for_errors,message=Problems checking feature model syntax]
2009-05-21 23:44:55: [user=unknown, handler=parse_feature_model_for_errors,message=Please, enter a valid URL for your feature model]
2009-05-21 23:46:47: [user=unknown, handler=parse_feature_model_for_errors,message=Problems checking feature model syntax]
2009-05-21 23:46:49: [user=unknown, handler=parse_feature_model_for_errors,message=Problems checking feature model syntax]
2009-05-21 23:59:04: [user=FB60A9F8B3D2FEE139509FFEBF909D93, handler=parse_feature_model_for_errors,message=Problems checking feature model syntax]
2009-05-21 23:59:25: [user=FB60A9F8B3D2FEE139509FFEBF909D93, handler=parse_feature_model_for_errors,message=Please, enter a valid URL for your feature model]
2009-05-22 00:16:19: [user=FB60A9F8B3D2FEE139509FFEBF909D93, handler=select_model,message=Error parsing extra constraint labelled 'c1' (variable id 'a8' used in the formula is not defined in the feature tree).]
2009-05-22 00:29:11: [user=unknown, handler=parse_feature_model_for_errors,message=Problems checking feature model syntax]
2009-05-22 03:40:12: [user=7042353853F7A22D8BAD323AC350F2DB, handler=interactive_configuration_main,message=Problems locating/acessing the feature model repository path]
2009-05-22 03:41:04: [user=7042353853F7A22D8BAD323AC350F2DB, handler=interactive_configuration_main,message=Problems locating/acessing the feature model repository path]
2009-05-23 02:54:47: [user=1131690DA36C8DF4CA7902465F4159A8, handler=interactive_configuration_updates,message=Problem updating configuration]
2009-05-23 02:54:48: [user=1131690DA36C8DF4CA7902465F4159A8, handler=interactive_configuration_updates,message=Problem updating configuration]
2009-05-23 02:54:48: [user=1131690DA36C8DF4CA7902465F4159A8, handler=interactive_configuration_updates,message=Problem updating configuration]
2009-05-24 18:10:16: [user=unknown, handler=select_model,message=Error reading SXFM file: unknown protocol: c]
2009-06-03 03:21:27: [user=unknown, handler=select_model,message=fm.SolitaireFeature cannot be cast to fm.FeatureGroup]
2009-06-03 03:23:07: [user=unknown, handler=select_model,message=fm.GroupedFeature cannot be cast to fm.FeatureGroup]
2009-06-03 03:23:09: [user=unknown, handler=select_model,message=fm.GroupedFeature cannot be cast to fm.FeatureGroup]
2009-06-03 03:25:37: [user=5C77129441421CBAA05EE56BBBABA736, handler=select_model,message=fm.GroupedFeature cannot be cast to fm.FeatureGroup]
2009-06-03 03:26:26: [user=5C77129441421CBAA05EE56BBBABA736, handler=select_model,message=fm.GroupedFeature cannot be cast to fm.FeatureGroup]
2009-06-03 03:26:42: [user=5C77129441421CBAA05EE56BBBABA736, handler=select_model,message=fm.GroupedFeature cannot be cast to fm.FeatureGroup]
2009-06-03 03:42:17: [user=5C77129441421CBAA05EE56BBBABA736, handler=select_model,message=fm.GroupedFeature cannot be cast to fm.FeatureGroup]
2009-06-03 03:43:21: [user=5C77129441421CBAA05EE56BBBABA736, handler=select_model,message=fm.GroupedFeature cannot be cast to fm.FeatureGroup]
2009-06-03 03:43:23: [user=5C77129441421CBAA05EE56BBBABA736, handler=select_model,message=fm.GroupedFeature cannot be cast to fm.FeatureGroup]
2009-06-03 03:45:28: [user=5C77129441421CBAA05EE56BBBABA736, handler=select_model,message=fm.GroupedFeature cannot be cast to fm.FeatureGroup]
2009-06-30 03:09:23: [user=29B349482DD5DECBD49F94B24571639E, handler=catalog_interactive_configuration_main,message=Error creating BDD configuration engine.]
2009-06-30 03:18:48: [user=6224541911C582ED00FC36796556C0F7, handler=catalog_interactive_configuration_main,message=Error creating BDD configuration engine.]
2009-06-30 03:25:49: [user=E344F281E75AD77C6A2985D898297A50, handler=catalog_interactive_configuration_main,message=Error reading CSV file for creating BDD configuration engine]
2009-06-30 03:25:55: [user=E344F281E75AD77C6A2985D898297A50, handler=catalog_interactive_configuration_main,message=Error reading CSV file for creating BDD configuration engine]
2009-06-30 04:03:34: [user=AF776D1727EDE70501A48B95A8DD4618, handler=detect_conflicts,message=Problems computing feature conflicts]
2009-06-30 04:12:25: [user=AF776D1727EDE70501A48B95A8DD4618, handler=catalog_interactive_configuration_main,message=Error: Feature model 'Trek Road Bikes' does not contain component: 'price_range' referenced by a product in file 'trekbikes_fm_catalog.csv']
2009-06-30 04:20:31: [user=AF776D1727EDE70501A48B95A8DD4618, handler=catalog_interactive_configuration_main,message=Error: Feature model 'Trek Road Bikes' does not contain component: 'frame' referenced by a product in file 'trekbikes_fm_catalog.csv']
2009-06-30 04:21:20: [user=AF776D1727EDE70501A48B95A8DD4618, handler=catalog_interactive_configuration_main,message=Error: Feature model 'Trek Road Bikes' does not contain component: 'fork' referenced by a product in file 'trekbikes_fm_catalog.csv']
2009-06-30 04:21:47: [user=AF776D1727EDE70501A48B95A8DD4618, handler=catalog_interactive_configuration_main,message=Error creating BDD configuration engine.]
2009-06-30 04:21:56: [user=AF776D1727EDE70501A48B95A8DD4618, handler=catalog_interactive_configuration_main,message=Error creating BDD configuration engine.]
2009-06-30 04:25:29: [user=AF776D1727EDE70501A48B95A8DD4618, handler=catalog_interactive_configuration_main,message=Error creating BDD configuration engine.]
2009-06-30 04:26:26: [user=B14A30A957763D278D5333530DD61153, handler=catalog_interactive_configuration_main,message=Error creating BDD configuration engine.]
2009-06-30 04:49:45: [user=B8E12B5455E95D79041E50AE521CC713, handler=catalog_interactive_configuration_main,message=Error creating BDD configuration engine.]
2009-06-30 04:51:13: [user=B8E12B5455E95D79041E50AE521CC713, handler=catalog_interactive_configuration_main,message=Error creating BDD configuration engine.]
2009-06-30 05:00:18: [user=CE1323DEAC6CB5C0F6D665C764A3B372, handler=catalog_interactive_configuration_updates,message=Problem updating configuration]
2009-06-30 05:00:35: [user=CE1323DEAC6CB5C0F6D665C764A3B372, handler=catalog_interactive_configuration_updates,message=Problem updating configuration]
2009-06-30 05:00:42: [user=CE1323DEAC6CB5C0F6D665C764A3B372, handler=catalog_interactive_configuration_updates,message=Problem updating configuration]
2009-06-30 18:20:01: [user=EAF31C9919BE77C0381B6A8E3DF685AB, handler=detect_conflicts,message=Problems computing feature conflicts]
2009-06-30 18:36:08: [user=EAF31C9919BE77C0381B6A8E3DF685AB, handler=detect_conflicts,message=Problems computing feature conflicts]
2009-06-30 23:12:15: [user=F2BAD48F1A16C78757894E62D7714A1B, handler=export_configuration_xml,message=Configuration engine must be created first]
2009-06-30 23:14:36: [user=F2BAD48F1A16C78757894E62D7714A1B, handler=export_configuration_xml,message=Configuration engine must be created first]
2009-06-30 23:14:47: [user=F2BAD48F1A16C78757894E62D7714A1B, handler=export_configuration_csv,message=Configuration engine must be created first]
2009-06-30 23:44:46: [user=F2BAD48F1A16C78757894E62D7714A1B, handler=detect_conflicts,message=Problems computing feature conflicts]
2009-07-01 01:23:50: [user=CAE4D982733A7105E83A46A6AF163D28, handler=catalog_interactive_configuration_main,message=Error reading CSV file for creating BDD configuration engine]
2009-07-01 01:28:16: [user=CAE4D982733A7105E83A46A6AF163D28, handler=catalog_interactive_configuration_filter_products,message=Error filtering products from catalog based on feature model selection]
2009-07-01 01:28:26: [user=CAE4D982733A7105E83A46A6AF163D28, handler=catalog_interactive_configuration_filter_products,message=Error filtering products from catalog based on feature model selection]
2009-07-01 01:33:45: [user=CAE4D982733A7105E83A46A6AF163D28, handler=catalog_interactive_configuration_main,message=Error reading CSV file for creating BDD configuration engine]
2009-07-01 01:39:26: [user=CAE4D982733A7105E83A46A6AF163D28, handler=catalog_interactive_configuration_main,message=Error reading CSV file for creating BDD configuration engine]
2009-07-01 01:40:33: [user=CAE4D982733A7105E83A46A6AF163D28, handler=catalog_interactive_configuration_filter_products,message=Error filtering products from catalog based on feature model selection]
2009-07-01 01:41:31: [user=CAE4D982733A7105E83A46A6AF163D28, handler=catalog_interactive_configuration_filter_products,message=Error filtering products from catalog based on feature model selection]
2009-07-01 01:43:28: [user=CAE4D982733A7105E83A46A6AF163D28, handler=catalog_interactive_configuration_filter_products,message=Error filtering products from catalog based on feature model selection]
2009-07-01 01:52:59: [user=CAE4D982733A7105E83A46A6AF163D28, handler=catalog_interactive_configuration_filter_products,message=Error filtering products from catalog based on feature model selection]
2009-07-01 02:22:22: [user=CAE4D982733A7105E83A46A6AF163D28, handler=catalog_interactive_configuration_main,message=Error reading CSV file for creating BDD configuration engine]
2009-07-03 04:01:28: [user=BFC7F485485A63F788764C0368265503, handler=catalog_interactive_configuration_updates,message=Problem updating configuration]
2009-07-03 06:04:40: [user=8F0E8C6E6D181DA986FF3E1B43B32304, handler=detect_conflicts,message=Problems computing feature conflicts]
2009-07-03 06:28:49: [user=8F0E8C6E6D181DA986FF3E1B43B32304, handler=catalog_interactive_configuration_updates,message=Problem updating configuration]
2009-07-03 20:44:58: [user=ADE67DC8C496C54379EE247CC0E029FC, handler=catalog_interactive_configuration_updates,message=Problem updating configuration]
2009-07-03 20:44:58: [user=ADE67DC8C496C54379EE247CC0E029FC, handler=catalog_interactive_configuration_updates,message=Problem updating configuration]
2009-07-03 20:44:58: [user=ADE67DC8C496C54379EE247CC0E029FC, handler=catalog_interactive_configuration_updates,message=Problem updating configuration]
2009-07-03 20:44:58: [user=ADE67DC8C496C54379EE247CC0E029FC, handler=catalog_interactive_configuration_updates,message=Problem updating configuration]
2009-07-03 21:39:35: [user=ADE67DC8C496C54379EE247CC0E029FC, handler=catalog_interactive_configuration_updates,message=Problem updating configuration]
2009-07-03 21:39:37: [user=ADE67DC8C496C54379EE247CC0E029FC, handler=catalog_interactive_configuration_updates,message=Problem updating configuration]
2009-07-03 21:39:38: [user=ADE67DC8C496C54379EE247CC0E029FC, handler=catalog_interactive_configuration_updates,message=Problem updating configuration]
2009-07-03 21:39:38: [user=ADE67DC8C496C54379EE247CC0E029FC, handler=catalog_interactive_configuration_updates,message=Problem updating configuration]
2009-07-03 21:39:39: [user=ADE67DC8C496C54379EE247CC0E029FC, handler=catalog_interactive_configuration_updates,message=Problem updating configuration]
2009-07-03 21:39:39: [user=ADE67DC8C496C54379EE247CC0E029FC, handler=catalog_interactive_configuration_updates,message=Problem updating configuration]
2009-07-03 21:39:39: [user=ADE67DC8C496C54379EE247CC0E029FC, handler=catalog_interactive_configuration_updates,message=Problem updating configuration]
2009-07-03 21:39:39: [user=ADE67DC8C496C54379EE247CC0E029FC, handler=catalog_interactive_configuration_updates,message=Problem updating configuration]
2009-07-03 22:59:14: [user=DC90DC8B48DB75EA0FD54E53B19E3A4A, handler=catalog_interactive_configuration_updates,message=Problem updating configuration]
2009-07-03 23:15:05: [user=C3CE152DD2A315F6EFBB368E3FDC65E5, handler=catalog_interactive_configuration_updates,message=Problem updating configuration]
2009-07-04 00:05:50: [user=C3CE152DD2A315F6EFBB368E3FDC65E5, handler=catalog_interactive_configuration_main,message=Problems locating/acessing the feature model repository path]
2009-07-04 00:06:09: [user=C3CE152DD2A315F6EFBB368E3FDC65E5, handler=catalog_interactive_configuration_main,message=Problems locating/acessing the feature model repository path]
2009-07-04 00:09:25: [user=C3CE152DD2A315F6EFBB368E3FDC65E5, handler=catalog_interactive_configuration_updates,message=Problem updating configuration]
2009-07-08 20:08:40: [user=57128144037BC4AD6FDC2AF441FB8F4C, handler=catalog_interactive_configuration_main,message=Error reading CSV file for creating BDD configuration engine]
2009-07-09 01:59:19: [user=807033BB75091C568740B1F7DB167C2F, handler=catalog_interactive_configuration_main,message=Problems locating/acessing the feature model repository path]
2009-07-09 02:00:22: [user=752BD34DB49A6355923D68B9D89D6E28, handler=catalog_interactive_configuration_main,message=Problems locating/acessing the feature model repository path]
2009-07-09 02:58:25: [user=752BD34DB49A6355923D68B9D89D6E28, handler=catalog_interactive_configuration_main,message=Error reading CSV file for creating BDD configuration engine]
2009-07-09 03:09:13: [user=752BD34DB49A6355923D68B9D89D6E28, handler=catalog_interactive_configuration_main,message=Problems locating/acessing the feature model repository path]
2009-07-10 19:14:40: [user=18C8CA7D47A51CF37568A892D6CF0488, handler=catalog_interactive_configuration_updates,message=Problem updating configuration]
2009-07-10 19:14:41: [user=18C8CA7D47A51CF37568A892D6CF0488, handler=catalog_interactive_configuration_filter_products,message=Error filtering products from catalog based on feature model selection]
2009-07-10 19:14:44: [user=18C8CA7D47A51CF37568A892D6CF0488, handler=catalog_interactive_configuration_updates,message=Problem updating configuration]
2009-07-10 19:14:44: [user=18C8CA7D47A51CF37568A892D6CF0488, handler=catalog_interactive_configuration_filter_products,message=Error filtering products from catalog based on feature model selection]
2009-07-10 19:14:46: [user=18C8CA7D47A51CF37568A892D6CF0488, handler=catalog_interactive_configuration_updates,message=Problem updating configuration]
2009-07-10 19:14:46: [user=18C8CA7D47A51CF37568A892D6CF0488, handler=catalog_interactive_configuration_filter_products,message=Error filtering products from catalog based on feature model selection]
2009-07-10 19:14:46: [user=18C8CA7D47A51CF37568A892D6CF0488, handler=catalog_interactive_configuration_updates,message=Problem updating configuration]
2009-07-10 19:14:46: [user=18C8CA7D47A51CF37568A892D6CF0488, handler=catalog_interactive_configuration_filter_products,message=Error filtering products from catalog based on feature model selection]
2009-07-10 19:25:58: [user=020FDCE5505E7B5307DE2460E74F348D, handler=parse_feature_model_for_errors,message=Problems checking feature model syntax]
2009-09-04 19:00:29: [user=unknown, handler=select_model,message=Error parsing extra constraint labelled 'C_3_m_4_1_0' (Error parsing CNF clause (do not use paranthesis).').]
2009-09-24 03:40:01: [user=unknown, handler=realtime_analyses,message=A JSONObject text must begin with '{' at character 1]
2009-09-24 03:42:43: [user=unknown, handler=realtime_analyses,message=A JSONObject text must begin with '{' at character 1]
2009-09-24 04:09:37: [user=unknown, handler=realtime_analyses,message=java.lang.NullPointerException]
2009-09-24 04:44:42: [user=unknown, handler=realtime_analyses,message=org.json.JSONException: Expected a ',' or ']' at character 195]
2009-09-24 04:44:42: [user=unknown, handler=realtime_analyses,message=org.json.JSONException: Expected a ',' or ']' at character 195]
2009-09-24 04:46:40: [user=unknown, handler=realtime_analyses,message=org.json.JSONException: Expected a ',' or ']' at character 154]
2009-09-24 04:47:35: [user=unknown, handler=realtime_analyses,message=org.json.JSONException: Expected a ',' or ']' at character 154]
2009-09-24 04:50:44: [user=unknown, handler=realtime_analyses,message=org.json.JSONException: Expected a ',' or ']' at character 153]
2009-09-24 04:53:21: [user=unknown, handler=realtime_analyses,message=org.json.JSONException: JSONObject["crosstree_constraints"] is not a JSONArray.]
2009-09-24 05:48:17: [user=unknown, handler=realtime_analyses,message=null]
2009-09-24 05:50:06: [user=unknown, handler=realtime_analyses,message=org.json.JSONException: Expected a ',' or '}' at character 275]
2009-09-24 05:50:55: [user=unknown, handler=realtime_analyses,message=org.json.JSONException: Expected a ',' or '}' at character 275]
2009-09-24 05:52:04: [user=unknown, handler=realtime_analyses,message=org.json.JSONException: Expected a ',' or '}' at character 203]
2009-09-24 05:55:06: [user=unknown, handler=realtime_analyses,message=Operation does not apply to inconsistent feature models]
2009-09-24 07:03:49: [user=unknown, handler=realtime_analyses,message=Creating Empty clause ?]
2009-09-24 07:04:06: [user=unknown, handler=realtime_analyses,message=Creating Empty clause ?]
2009-09-24 07:13:52: [user=unknown, handler=realtime_analyses,message=null]
2009-09-24 07:14:05: [user=unknown, handler=realtime_analyses,message=null]
2009-09-24 07:14:13: [user=unknown, handler=realtime_analyses,message=null]
2009-09-24 08:23:31: [user=unknown, handler=realtime_analyses,message=null]
2009-09-24 08:24:55: [user=unknown, handler=realtime_analyses,message=null]
2009-09-25 05:28:38: [user=B52C101E4E729B9959A4A26341442C86, handler=interactive_configuration_main,message=Error creating SAT configuration engine.]
2009-09-25 05:35:11: [user=B52C101E4E729B9959A4A26341442C86, handler=interactive_configuration_main,message=Error creating SAT configuration engine.]
2009-09-25 07:32:31: [user=D3A94CD0B88FC5E86326E762DC2DF7CD, handler=interactive_configuration_main,message=Error creating SAT configuration engine.]
2009-09-25 07:33:47: [user=D3A94CD0B88FC5E86326E762DC2DF7CD, handler=interactive_configuration_main,message=Error creating SAT configuration engine.]
2009-09-25 07:34:13: [user=281C58A42130BFB3E1B4D2DCE6826241, handler=interactive_configuration_main,message=Error creating SAT configuration engine.]
2009-09-25 08:28:08: [user=09172F9ADC569951B35B78F305FEAC55, handler=interactive_configuration_main,message=Error creating SAT configuration engine.]
2009-09-25 08:28:40: [user=09172F9ADC569951B35B78F305FEAC55, handler=interactive_configuration_main,message=Error creating SAT configuration engine.]
2009-09-26 01:26:29: [user=unknown, handler=realtime_analyses,message=null]
2009-09-26 01:26:29: [user=unknown, handler=realtime_analyses,message=null]
2009-09-26 02:00:45: [user=5494F0A314FD2F0200F2AB5DB23AA71A, handler=interactive_configuration_main,message=Error creating SAT configuration engine.]
2009-09-26 02:00:53: [user=5494F0A314FD2F0200F2AB5DB23AA71A, handler=interactive_configuration_main,message=Error creating SAT configuration engine.]
2009-09-26 02:01:55: [user=5494F0A314FD2F0200F2AB5DB23AA71A, handler=interactive_configuration_main,message=Error creating SAT configuration engine.]
2009-09-26 02:02:19: [user=5494F0A314FD2F0200F2AB5DB23AA71A, handler=interactive_configuration_main,message=Error creating SAT configuration engine.]
2009-09-26 02:02:58: [user=5494F0A314FD2F0200F2AB5DB23AA71A, handler=interactive_configuration_main,message=Error creating SAT configuration engine.]
2009-09-26 02:20:25: [user=5494F0A314FD2F0200F2AB5DB23AA71A, handler=interactive_configuration_main,message=Error creating SAT configuration engine.]
2009-09-26 02:20:47: [user=5494F0A314FD2F0200F2AB5DB23AA71A, handler=interactive_configuration_main,message=Error creating SAT configuration engine.]
2009-09-26 06:09:14: [user=unknown, handler=realtime_analyses,message=null]
2009-09-26 06:11:11: [user=71EDD5DC988E6FD412DA3181DBC67F38, handler=realtime_analyses,message=null]
2009-09-27 13:48:25: [user=684F9EA67CFE9FB3DB3DB7E7DA887C2B, handler=interactive_configuration_main,message=Error creating SAT configuration engine.]
2009-09-27 13:51:39: [user=684F9EA67CFE9FB3DB3DB7E7DA887C2B, handler=interactive_configuration_main,message=Error creating SAT configuration engine.]
2009-09-27 14:09:11: [user=684F9EA67CFE9FB3DB3DB7E7DA887C2B, handler=feature_model_editor,message=null]
2009-09-27 14:46:49: [user=unknown, handler=feature_model_editor,message=Error parsing Feature Tree on line ''.]
2009-09-27 14:47:59: [user=unknown, handler=feature_model_editor,message=Error parsing Feature Tree on line ''.]
2009-09-27 14:49:04: [user=unknown, handler=feature_model_editor,message=Error parsing Feature Tree on line ''.]
2009-09-27 14:50:57: [user=unknown, handler=feature_model_editor,message=Error parsing Feature Tree on line ''.]
2009-09-27 14:53:36: [user=unknown, handler=feature_model_editor,message=Error parsing Feature Tree on line ''.]
2009-09-27 14:54:06: [user=unknown, handler=feature_model_editor,message=Error parsing Feature Tree on line ''.]
2009-09-27 14:54:14: [user=unknown, handler=feature_model_editor,message=Error parsing Feature Tree on line ''.]
2009-09-28 00:38:14: [user=unknown, handler=feature_model_editor,message=Error parsing Feature Tree on line ''.]
2009-09-28 00:39:20: [user=unknown, handler=feature_model_editor,message=Error parsing Feature Tree on line ''.]
2009-09-28 00:39:47: [user=unknown, handler=feature_model_editor,message=Error parsing Feature Tree on line ''.]
2009-09-28 00:40:27: [user=unknown, handler=feature_model_editor,message=Error parsing Feature Tree on line ''.]
2009-09-28 00:40:53: [user=unknown, handler=feature_model_editor,message=Error parsing Feature Tree on line ''.]
2009-09-28 00:41:31: [user=unknown, handler=feature_model_editor,message=Error parsing Feature Tree on line ''.]
2009-09-28 00:41:47: [user=unknown, handler=feature_model_editor,message=Error parsing Feature Tree on line ''.]
2009-09-28 00:42:11: [user=unknown, handler=feature_model_editor,message=Error parsing Feature Tree on line ''.]
2009-09-28 00:42:39: [user=unknown, handler=feature_model_editor,message=Error parsing Feature Tree on line ''.]
2009-09-28 00:43:29: [user=unknown, handler=feature_model_editor,message=Error parsing Feature Tree on line ''.]
2009-09-28 00:53:41: [user=unknown, handler=feature_model_editor,message=Error parsing Feature Tree on line ''.]
2009-09-28 01:10:50: [user=AA2888E9AFE0B2D663D60284387CD0AA, handler=export_save_model,message=Illegal pattern character 't']
2009-09-28 01:11:38: [user=AA2888E9AFE0B2D663D60284387CD0AA, handler=export_save_model,message=Illegal pattern character 't']
2009-09-28 01:12:05: [user=AA2888E9AFE0B2D663D60284387CD0AA, handler=export_save_model,message=Illegal pattern character 't']
2009-09-28 01:13:57: [user=AA2888E9AFE0B2D663D60284387CD0AA, handler=export_save_model,message=Illegal pattern character 't']
2009-09-28 01:15:31: [user=AA2888E9AFE0B2D663D60284387CD0AA, handler=export_save_model,message=Illegal pattern character 't']
2009-09-28 01:33:17: [user=AA2888E9AFE0B2D663D60284387CD0AA, handler=feature_model_editor,message=Error reading SXFM file: http://localhost:8080/SPLOT/models/temp_models/REAL-FM-15.xml.xml]
2009-09-28 01:33:26: [user=AA2888E9AFE0B2D663D60284387CD0AA, handler=feature_model_editor,message=Error reading SXFM file: http://localhost:8080/SPLOT/models/REAL-FM-15.xml.xml]
2009-09-28 01:42:47: [user=AA2888E9AFE0B2D663D60284387CD0AA, handler=select_model,message=Error parsing Feature Tree on line '': java.lang.NullPointerException]
2009-09-28 01:42:48: [user=AA2888E9AFE0B2D663D60284387CD0AA, handler=select_model,message=Error parsing Feature Tree on line '': java.lang.NullPointerException]
2009-09-28 01:42:56: [user=AA2888E9AFE0B2D663D60284387CD0AA, handler=select_model,message=Error parsing Feature Tree on line '': java.lang.NullPointerException]
2009-09-28 01:44:57: [user=AA2888E9AFE0B2D663D60284387CD0AA, handler=select_model,message=Error parsing Feature Tree on line '': java.lang.NullPointerException]
2009-09-28 02:36:03: [user=unknown, handler=feature_model_editor,message=Error reading SXFM file: c:\users\marcilio\eclipse\.metadata\.plugins\org.eclipse.wst.server.core\tmp1\wtpwebapps\SPLOT-Project\models\null (The system cannot find the file specified)]
2009-09-28 02:51:42: [user=0B074753DA6FB37682B95A8D6906EEB6, handler=feature_model_editor,message=User model's URL must start with "http://"]
2009-09-28 02:56:29: [user=0B074753DA6FB37682B95A8D6906EEB6, handler=feature_model_editor,message=User model's URL must start with "http://"]
2009-09-28 15:58:05: [user=unknown, handler=realtime_analyses,message=null]
2009-09-28 15:58:14: [user=unknown, handler=realtime_analyses,message=null]
2009-09-28 16:10:59: [user=578914BB42EE7E90A8CE9A2FA0D28A12, handler=realtime_analyses,message=null]
2009-10-02 13:26:57: [user=9F770736CD135FC65EFB7222C51CE6F8, handler=interactive_configuration_main,message=Error creating SAT configuration engine.]
2009-10-03 22:57:57: [user=273D6C2CED673EFF00880D9B2DBCB3C8, handler=realtime_analyses,message=null]
2009-10-09 17:18:35: [user=unknown, handler=select_model,message=Error parsing Feature Tree on line '': java.lang.NullPointerException]
2009-11-27 16:00:13: [user=unknown, handler=select_model,message=Problems locating/acessing the feature model repository path]
2009-11-27 16:02:30: [user=unknown, handler=select_model,message=Problems locating/acessing the feature model repository path]
2009-11-27 16:02:32: [user=unknown, handler=select_model,message=Problems locating/acessing the feature model repository path]
2009-11-27 16:03:51: [user=unknown, handler=select_model,message=Problems locating/acessing the feature model repository path]
2009-11-27 16:04:53: [user=unknown, handler=select_model,message=Problems locating/acessing the feature model repository path]
2009-11-27 16:04:54: [user=unknown, handler=select_model,message=Problems locating/acessing the feature model repository path]
2009-11-27 16:04:54: [user=unknown, handler=select_model,message=Problems locating/acessing the feature model repository path]
2009-11-27 16:04:54: [user=unknown, handler=select_model,message=Problems locating/acessing the feature model repository path]
2009-11-27 16:04:56: [user=unknown, handler=select_model,message=Problems locating/acessing the feature model repository path]
2009-11-27 16:05:08: [user=unknown, handler=select_model,message=Problems locating/acessing the feature model repository path]
2009-11-27 16:05:08: [user=unknown, handler=select_model,message=Problems locating/acessing the feature model repository path]
2009-11-27 16:12:09: [user=unknown, handler=select_model,message=Problems locating/acessing the feature model repository path]
2009-11-27 16:57:43: [user=unknown, handler=select_model,message=Problems locating/acessing the feature model repository path]
2009-12-12 20:40:02: [user=unknown, handler=trek_catalog_interactive_configuration_main,message=Paremeter 'op' must be specified to 'reset']
2009-12-12 20:40:10: [user=C2C9A54438578E7084A5F946734A3BFC, handler=trek_catalog_interactive_configuration_main,message=Problems locating/acessing the feature model repository path]
2009-12-13 03:25:37: [user=B0C81C471999822F1A03E7152EE42034, handler=catalog_interactive_configuration_main,message=Problems locating/acessing the feature model repository path]
2009-12-17 02:30:48: [user=unknown, handler=select_model,message=Problems locating/acessing the feature model repository path]
2009-12-17 02:30:52: [user=unknown, handler=select_model,message=Problems locating/acessing the feature model repository path]
2009-12-17 02:30:55: [user=unknown, handler=select_model,message=Problems locating/acessing the feature model repository path]
2010-02-24 00:04:19: [user=unknown, handler=select_model,message=Problems locating/acessing the feature model repository path]
2010-02-24 00:08:29: [user=42E59A93CA3E3D2C1382DFEBCC457273, handler=interactive_configuration_main,message=Error creating SAT configuration engine.]
2010-02-24 00:09:21: [user=42E59A93CA3E3D2C1382DFEBCC457273, handler=interactive_configuration_main,message=Error creating SAT configuration engine.]
2010-02-24 00:14:17: [user=42E59A93CA3E3D2C1382DFEBCC457273, handler=interactive_configuration_main,message=Error creating SAT configuration engine.]
2010-02-24 00:19:04: [user=42E59A93CA3E3D2C1382DFEBCC457273, handler=interactive_configuration_main,message=Error creating SAT configuration engine.]
2010-02-24 00:19:11: [user=42E59A93CA3E3D2C1382DFEBCC457273, handler=interactive_configuration_main,message=Error creating SAT configuration engine.]
2010-02-24 00:19:25: [user=42E59A93CA3E3D2C1382DFEBCC457273, handler=interactive_configuration_main,message=Error creating SAT configuration engine.]
2010-03-08 23:09:25: [user=21E015E1AB9B92EAE37719C60720DEE5, handler=interactive_configuration_main,message=Error creating SAT configuration engine.]
2010-03-09 00:26:26: [user=unknown, handler=display_repository_statistics,message=Problems locating/acessing feature model repository path]
2010-03-09 00:26:54: [user=unknown, handler=display_repository_statistics,message=Problems locating/acessing feature model repository path]
2010-03-09 00:26:59: [user=unknown, handler=display_repository_statistics,message=Problems locating/acessing feature model repository path]
2010-03-09 00:27:54: [user=unknown, handler=display_repository_statistics,message=Problems locating/acessing feature model repository path]
2010-03-09 22:07:34: [user=unknown, handler=display_repository_statistics,message=Problems locating/acessing feature model repository path]
2010-03-09 22:13:02: [user=unknown, handler=display_repository_statistics,message=Problems locating/acessing feature model repository path]
2010-03-09 22:29:01: [user=unknown, handler=display_repository_statistics,message=Problems locating/acessing feature model repository path]
2010-03-09 22:29:09: [user=unknown, handler=display_repository_statistics,message=Problems locating/acessing feature model repository path]
2010-03-09 22:29:45: [user=unknown, handler=display_repository_statistics,message=Problems locating/acessing feature model repository path]
2010-03-18 23:30:30: [user=unknown, handler=display_repository_statistics,message=Problems locating/acessing feature model repository path]
2010-03-22 21:28:12: [user=unknown, handler=select_model,message=Problems locating/acessing the feature model repository path]
2010-03-22 21:30:10: [user=unknown, handler=select_model,message=XML SAX error parsing SXFM file: The entity name must immediately follow the '&' in the entity reference.]
2010-03-25 20:50:07: [user=unknown, handler=select_model,message=Problems locating/acessing the feature model repository path]
2010-03-25 20:51:01: [user=unknown, handler=select_model,message=Problems locating/acessing the feature model repository path]
2010-03-25 20:51:04: [user=unknown, handler=select_model,message=Problems locating/acessing the feature model repository path]
2010-03-25 20:51:07: [user=unknown, handler=select_model,message=Problems locating/acessing the feature model repository path]
